<?xml version="1.0" encoding="UTF-8"?>
<testsuite name="git.repos.FirstDayAtSchoolTest" tests="4" skipped="0" failures="0" errors="0" timestamp="2023-05-30T12:12:25" hostname="linux" time="0.04">
  <properties/>
  <testcase name="testAddElements()" classname="git.repos.FirstDayAtSchoolTest" time="0.031"/>
  <testcase name="testPrepareMyBag()" classname="git.repos.FirstDayAtSchoolTest" time="0.001"/>
  <testcase name="testCleanBag()" classname="git.repos.FirstDayAtSchoolTest" time="0.001"/>
  <testcase name="testConstructor()" classname="git.repos.FirstDayAtSchoolTest" time="0.002"/>
  <system-out><![CDATA[Inside testAddElements()
Inside testPrepareMyBag()
Inside testCleanBag()
]]></system-out>
  <system-err><![CDATA[]]></system-err>
</testsuite>
