<?xml version="1.0" encoding="UTF-8"?>
<testsuite name="git.repos.AppTest" tests="1" skipped="0" failures="0" errors="0" timestamp="2023-05-30T12:12:25" hostname="linux" time="0.001">
  <properties/>
  <testcase name="appHasAGreeting()" classname="git.repos.AppTest" time="0.001"/>
  <system-out><![CDATA[]]></system-out>
  <system-err><![CDATA[]]></system-err>
</testsuite>
